app/build/intermediates/manifest_merge_blame_file/cpreleaseRelease/manifest-merger-blame-cprelease-release-report.txt
1<?xml version="1.0" encoding="utf-8"?>
2<manifest xmlns:android="http://schemas.android.com/apk/res/android"
3    package="com.ygfh.doctor"
4    android:versionCode="1"
5    android:versionName="1.0" >
6
7    <uses-sdk
8        android:minSdkVersion="18"
8-->src/main/AndroidManifest.xml
9        android:targetSdkVersion="28" />
9-->src/main/AndroidManifest.xml
10
11    <uses-permission android:name="android.permission.INTERNET" />
11-->[:baselib] AndroidManifest.xml:11:5-67
11-->[:baselib] AndroidManifest.xml:11:22-64
12    <uses-permission android:name="android.permission.CHANGE_NETWORK_STATE" />
12-->[:baselib] AndroidManifest.xml:12:5-79
12-->[:baselib] AndroidManifest.xml:12:22-76
13    <uses-permission android:name="android.permission.CHANGE_WIFI_STATE" />
13-->[:baselib] AndroidManifest.xml:13:5-76
13-->[:baselib] AndroidManifest.xml:13:22-73
14    <uses-permission android:name="android.permission.ACCESS_NETWORK_STATE" />
14-->[:baselib] AndroidManifest.xml:14:5-79
14-->[:baselib] AndroidManifest.xml:14:22-76
15    <uses-permission android:name="android.permission.ACCESS_WIFI_STATE" />
15-->[:baselib] AndroidManifest.xml:15:5-76
15-->[:baselib] AndroidManifest.xml:15:22-73
16    <uses-permission android:name="android.permission.WRITE_EXTERNAL_STORAGE" />
16-->[:baselib] AndroidManifest.xml:16:5-81
16-->[:baselib] AndroidManifest.xml:16:22-78
17    <uses-permission android:name="android.permission.READ_EXTERNAL_STORAGE" />
17-->[:baselib] AndroidManifest.xml:17:5-80
17-->[:baselib] AndroidManifest.xml:17:22-77
18    <uses-permission android:name="android.permission.READ_PHONE_STATE" />
18-->[:baselib] AndroidManifest.xml:18:5-75
18-->[:baselib] AndroidManifest.xml:18:22-72
19    <uses-permission android:name="android.permission.WRITE_EXTERNAL_STORAGE" />
19-->[:baselib] AndroidManifest.xml:16:5-81
19-->[:baselib] AndroidManifest.xml:16:22-78
20
21    <application
22        android:name="com.fh.bdc.DcApplication"
22-->src/main/AndroidManifest.xml:6:9-38
23        android:allowBackup="true"
23-->src/main/AndroidManifest.xml:7:9-35
24        android:appComponentFactory="androidx.core.app.CoreComponentFactory"
24-->[androidx.core:core:1.1.0-rc02] AndroidManifest.xml:24:18-86
25        android:icon="@mipmap/ic_launcher"
25-->src/main/AndroidManifest.xml:8:9-35
26        android:label="@string/app_name"
26-->src/main/AndroidManifest.xml:9:9-41
27        android:roundIcon="@mipmap/ic_launcher_round"
27-->src/main/AndroidManifest.xml:10:9-54
28        android:supportsRtl="true"
28-->src/main/AndroidManifest.xml:11:9-35
29        android:theme="@style/AppTheme" >
29-->src/main/AndroidManifest.xml:12:9-40
30
31        <!-- <activity android:name=".MainActivity"></activity> -->
32        <activity android:name="com.fh.bdc.demo.TwoActivity" >
32-->src/main/AndroidManifest.xml:14:9-20:20
32-->src/main/AndroidManifest.xml:14:19-51
33            <intent-filter>
33-->src/main/AndroidManifest.xml:15:13-19:29
34                <action android:name="android.intent.action.MAIN" />
34-->src/main/AndroidManifest.xml:16:17-69
34-->src/main/AndroidManifest.xml:16:25-66
35
36                <category android:name="android.intent.category.LAUNCHER" />
36-->src/main/AndroidManifest.xml:18:17-77
36-->src/main/AndroidManifest.xml:18:27-74
37            </intent-filter>
38        </activity>
39    </application>
40
41</manifest>